<?xml version="1.0" encoding="UTF-8"?>
<!-- Generated by org.testng.reporters.JUnitReportReporter -->
<testsuite hostname="Sumit-PC" failures="0" tests="6" name="api.Test.DDTests" time="30.723" errors="0" timestamp="2024-09-19T23:24:56 IST" skipped="0">
  <testcase classname="api.Test.DDTests" name="testPostUser" time="11.439"/>
  <system-out/>
  <testcase classname="api.Test.DDTests" name="testPostUser" time="4.025"/>
  <system-out/>
  <testcase classname="api.Test.DDTests" name="testPostUser" time="3.903"/>
  <system-out/>
  <testcase classname="api.Test.DDTests" name="testPostUser" time="4.601"/>
  <system-out/>
  <testcase classname="api.Test.DDTests" name="testPostUser" time="3.175"/>
  <system-out/>
  <testcase classname="api.Test.DDTests" name="testPostUser" time="3.580"/>
  <system-out/>
</testsuite> <!-- api.Test.DDTests -->
