<?xml version="1.0" encoding="UTF-8"?>
<!-- Generated by org.testng.reporters.JUnitReportReporter -->
<testsuite hostname="Sumit-PC" failures="0" tests="4" name="api.Test.UserTests" time="23.848" errors="0" timestamp="2024-09-19T23:27:36 IST" skipped="0">
  <testcase classname="api.Test.UserTests" name="testPostUser" time="6.792"/>
  <system-out/>
  <testcase classname="api.Test.UserTests" name="testGetUserByName" time="4.334"/>
  <system-out/>
  <testcase classname="api.Test.UserTests" name="testUpdateUserByName" time="8.888"/>
  <system-out/>
  <testcase classname="api.Test.UserTests" name="testDeleteUserByName" time="3.834"/>
  <system-out/>
</testsuite> <!-- api.Test.UserTests -->
