<?xml version="1.0" encoding="UTF-8"?>
<!-- Generated by org.testng.reporters.JUnitReportReporter -->
<testsuite hostname="Sumit-PC" failures="0" tests="4" name="api.Test.UserTest0" time="22.904" errors="0" timestamp="2024-09-20T13:50:56 IST" skipped="0">
  <testcase classname="api.Test.UserTest0" name="testPostUser" time="11.752"/>
  <system-out/>
  <testcase classname="api.Test.UserTest0" name="testGetUserByName" time="3.056"/>
  <system-out/>
  <testcase classname="api.Test.UserTest0" name="testUpdatetUserByName" time="5.513"/>
  <system-out/>
  <testcase classname="api.Test.UserTest0" name="testDeleteUserByName" time="2.583"/>
  <system-out/>
</testsuite> <!-- api.Test.UserTest0 -->
