<?xml version="1.0" encoding="UTF-8"?>
<!-- Generated by org.testng.reporters.JUnitReportReporter -->
<testsuite hostname="Sumit-PC" failures="0" tests="4" name="api.Test.UserTests2" time="35.033" errors="0" timestamp="2024-09-19T23:57:54 IST" skipped="0">
  <testcase classname="api.Test.UserTests2" name="testPostUser" time="17.760"/>
  <system-out/>
  <testcase classname="api.Test.UserTests2" name="testGetUserByName" time="5.934"/>
  <system-out/>
  <testcase classname="api.Test.UserTests2" name="testUpdateUserByName" time="7.729"/>
  <system-out/>
  <testcase classname="api.Test.UserTests2" name="testDeleteUserByName" time="3.610"/>
  <system-out/>
</testsuite> <!-- api.Test.UserTests2 -->
